  main.cpp
C:\Users\jonas\Documents\Koding\Solutions\RunWithYourFriends\RunWithYourFriends\main.cpp(19,24): warning C4305: 'initializing': truncation from 'double' to 'float'
C:\Users\jonas\Documents\Koding\Solutions\RunWithYourFriends\RunWithYourFriends\main.cpp(19,24): warning C4305: 'initializing': truncation from 'double' to 'const float'
C:\Users\jonas\Documents\Koding\Solutions\RunWithYourFriends\RunWithYourFriends\main.cpp(49,1): warning C4305: '+=': truncation from 'double' to 'float'
C:\Users\jonas\Documents\Koding\Solutions\RunWithYourFriends\RunWithYourFriends\main.cpp(306,31): warning C4305: 'initializing': truncation from 'double' to 'const float'
C:\Users\jonas\Documents\Koding\Solutions\RunWithYourFriends\RunWithYourFriends\main.cpp(308,32): warning C4305: 'initializing': truncation from 'double' to 'const float'
C:\Users\jonas\Documents\Koding\Solutions\RunWithYourFriends\RunWithYourFriends\main.cpp(509,1): warning C4305: '+=': truncation from 'double' to 'float'
C:\Users\jonas\Documents\Koding\Solutions\RunWithYourFriends\RunWithYourFriends\main.cpp(594,13): warning C4244: 'argument': conversion from 'time_t' to 'unsigned int', possible loss of data
C:\Users\jonas\Documents\Koding\Solutions\RunWithYourFriends\RunWithYourFriends\main.cpp(602,73): warning C4244: 'argument': conversion from 'int' to 'T', possible loss of data
          with
          [
              T=float
          ]
C:\Users\jonas\Documents\Koding\Solutions\RunWithYourFriends\RunWithYourFriends\main.cpp(602,49): warning C4244: 'argument': conversion from 'int' to 'T', possible loss of data
          with
          [
              T=float
          ]
C:\Users\jonas\Documents\Koding\Solutions\RunWithYourFriends\RunWithYourFriends\main.cpp(670,108): warning C4244: 'argument': conversion from 'int' to 'T', possible loss of data
          with
          [
              T=float
          ]
  Generating code
  0 of 203 functions ( 0.0%) were compiled, the rest were copied from previous compilation.
    0 functions were new in current compilation
    0 functions had inline decision re-evaluated but remain unchanged
  Finished generating code
  RunWithYourFriends.vcxproj -> C:\Users\jonas\Documents\Koding\Solutions\RunWithYourFriends\Release\RunWithYourFriends.exe
